[instr-ios-sample-app] Running shell script
+ bundle exec instr profile benchmark InstrSampleApp --workspace=InstrSampleApp.xcworkspace/ --server-port=8081
[Instr] Executing command: xcodebuild -workspace /private/tmp/jenkins_macos_host/workspace/instr-ios-sample-app/InstrSampleApp.xcworkspace/ -scheme InstrSampleApp -sdk iphonesimulator -derivedDataPath /var/folders/1g/37d2t18n2y37gbjb61npzmlm5wcxmb/T/d20180211-12959-7csino/derivedData clean build-for-testing
[Instr] Spawned process (PID: 13636) from command: xcodebuild -xctestrun /var/folders/1g/37d2t18n2y37gbjb61npzmlm5wcxmb/T/d20180211-12959-7csino/derivedData/Build/Products/InstrSampleApp_iphonesimulator11.2-x86_64.xctestrun -destination 'platform=iOS Simulator,id=FB724473-1A1F-4B4E-AFE9-2CCF76EF6064' test-without-building
User defaults from command line:
    IDETestRunSpecificationPath = /var/folders/1g/37d2t18n2y37gbjb61npzmlm5wcxmb/T/d20180211-12959-7csino/derivedData/Build/Products/InstrSampleApp_iphonesimulator11.2-x86_64.xctestrun

2018-02-11 14:43:11.071 xcodebuild[13636:1551617]  IDETestOperationsObserverDebug: Writing diagnostic log for test session to:
/var/folders/1g/37d2t18n2y37gbjb61npzmlm5wcxmb/T/com.apple.dt.XCTest/IDETestRunSession-D5233258-5FFE-4B0B-BAA9-3987FA43975E/InstrSampleAppTests-CDC82D58-832F-4CE8-9CAE-B2CA9CE1F297/Session-InstrSampleAppTests-2018-02-11_144311-y69GMN.log
2018-02-11 14:43:11.071 xcodebuild[13636:1551554] [MT] IDETestOperationsObserverDebug: (29BF0FC7-817B-468A-ACF5-BF0E079C895D) Beginning test session InstrSampleAppTests-29BF0FC7-817B-468A-ACF5-BF0E079C895D at 2018-02-11 14:43:11.071 with Xcode 9C40b on target <DVTiPhoneSimulator: 0x7fe00d079190> {
		SimDevice: iPhone 6-instr (FB724473-1A1F-4B4E-AFE9-2CCF76EF6064, iOS 11.2, Booted)
} (11.2 (15C107))
[Instr] Found process InstrSampleApp with PID: 14699
** TEST EXECUTE SUCCEEDED **

2018-02-11 14:43:28.579621+0100 InstrSampleApp[14699:1559615] Crash handler setup started.
2018-02-11 14:43:28.579903+0100 InstrSampleApp[14699:1559615] Crash handler setup completed.
2018-02-11 14:43:28.580046+0100 InstrSampleApp[14699:1559615] Enabling accessibility for automation on Simulator.
2018-02-11 14:43:29.771676+0100 InstrSampleApp[14699:1559615] [instr] Starting server at port 8081
[DEBUG] Did open IPv4 listening socket 4
[DEBUG] Did open IPv6 listening socket 6
[INFO] GCDWebServer started on port 8081 and reachable at http://192.168.178.24:8081/
[DEBUG] Did open connection on socket 7
[DEBUG] Did connect
[DEBUG] Did start background task
[DEBUG] Connection received 148 bytes on socket 7
[DEBUG] Connection on socket 7 preflighting request "GET /" with 148 bytes body
[DEBUG] Connection on socket 7 processing request "GET /" with 148 bytes body
2018-02-11 14:43:30.167644+0100 InstrSampleApp[14699:1559851] [instr] Request received
[DEBUG] Connection sent 122 bytes on socket 7
[DEBUG] Did close connection on socket 7
[VERBOSE] [::1:8081] ::1:51492 200 "GET /" (148 | 122)
Test Suite 'All tests' started at 2018-02-11 14:43:31.448
Test Suite 'InstrSampleAppTests.xctest' started at 2018-02-11 14:43:31.449
Test Suite 'EarlGreyTests' started at 2018-02-11 14:43:31.449
Test Case '-[InstrSampleAppTests.EarlGreyTests testDetailView]' started.
[DEBUG] Did disconnect
[DEBUG] Did end background task
Test Case '-[InstrSampleAppTests.EarlGreyTests testDetailView]' passed (3.312 seconds).
Test Suite 'EarlGreyTests' passed at 2018-02-11 14:43:34.762.
	 Executed 1 test, with 0 failures (0 unexpected) in 3.312 (3.313) seconds
Test Suite 'InstrSampleAppTests.xctest' passed at 2018-02-11 14:43:34.763.
	 Executed 1 test, with 0 failures (0 unexpected) in 3.312 (3.314) seconds
Test Suite 'All tests' passed at 2018-02-11 14:43:34.763.
	 Executed 1 test, with 0 failures (0 unexpected) in 3.312 (3.315) seconds
[Instr] Spawned process (PID: 14708) from command: sudo dtrace -q -s /Users/crisosto/.rbenv/versions/2.0.0-p648/lib/ruby/gems/2.0.0/gems/instrumentality-0.1.3/lib/instrumentality/scripts/benchmark.d -p 14699 > /var/folders/1g/37d2t18n2y37gbjb61npzmlm5wcxmb/T/d20180211-12959-7csino/dtrace_output
